Using pre-set license

 COMMAND LINE ARGUMENTS:
/Applications/Unity/Hub/Editor/2020.3.3f1/Unity.app/Contents/MacOS/Unity
-adb2
-batchMode
-noUpm
-name
AssetImportWorker0
-projectPath
/Users/alessiobendoni/SrcTree/AsgaPlayGround/PlayGround
-logFile
Logs/AssetImportWorker0.log
-srvPort
51739
Successfully changed project path to: /Users/alessiobendoni/SrcTree/AsgaPlayGround/PlayGround
/Users/alessiobendoni/SrcTree/AsgaPlayGround/PlayGround
Using Asset Import Pipeline V2.
Refreshing native plugins compatible for Editor in 42.32 ms, found 2 plugins.
Preloading 0 native plugins for Editor in 0.00 ms.
Initialize engine version: 2020.3.3f1 (76626098c1c4)
[Subsystems] Discovering subsystems at path /Applications/Unity/Hub/Editor/2020.3.3f1/Unity.app/Contents/Resources/UnitySubsystems
[Subsystems] Discovering subsystems at path /Users/alessiobendoni/SrcTree/AsgaPlayGround/PlayGround/Assets
GfxDevice: creating device client; threaded=0
2021-04-12 22:04:59.763 Unity[7198:304131] Color LCD preferred device: Intel(R) Iris(TM) Plus Graphics 655 (low power)
2021-04-12 22:04:59.763 Unity[7198:304131] Metal devices available: 1
2021-04-12 22:04:59.764 Unity[7198:304131] 0: Intel(R) Iris(TM) Plus Graphics 655 (low power)
2021-04-12 22:04:59.764 Unity[7198:304131] Using device Intel(R) Iris(TM) Plus Graphics 655 (low power)
Initializing Metal device caps: Intel(R) Iris(TM) Plus Graphics 655
Initialize mono
Mono path[0] = '/Applications/Unity/Hub/Editor/2020.3.3f1/Unity.app/Contents/Managed'
Mono path[1] = '/Applications/Unity/Hub/Editor/2020.3.3f1/Unity.app/Contents/MonoBleedingEdge/lib/mono/unityjit'
Mono config path = '/Applications/Unity/Hub/Editor/2020.3.3f1/Unity.app/Contents/MonoBleedingEdge/etc'
Using monoOptions --debugger-agent=transport=dt_socket,embedding=1,server=y,suspend=n,address=127.0.0.1:56198
Begin MonoManager ReloadAssembly
Registering precompiled unity dll's ...
Register platform support module: /Applications/Unity/Hub/Editor/2020.3.3f1/PlaybackEngines/WebGLSupport/UnityEditor.WebGL.Extensions.dll
Register platform support module: /Applications/Unity/Hub/Editor/2020.3.3f1/Unity.app/Contents/PlaybackEngines/MacStandaloneSupport/UnityEditor.OSXStandalone.Extensions.dll
Register platform support module: /Applications/Unity/Hub/Editor/2020.3.3f1/PlaybackEngines/WindowsStandaloneSupport/UnityEditor.WindowsStandalone.Extensions.dll
Registered in 0.003534 seconds.
Native extension for WindowsStandalone target not found
Native extension for OSXStandalone target not found
Native extension for WebGL target not found
Refreshing native plugins compatible for Editor in 42.61 ms, found 2 plugins.
Preloading 0 native plugins for Editor in 0.00 ms.
Invoked RoslynAnalysisRunner static constructor.
RoslynAnalysisRunner will not be running.
RoslynAnalysisRunner has terminated.
Mono: successfully reloaded assembly
- Completed reload, in  2.052 seconds
Platform modules already initialized, skipping
Registering precompiled user dll's ...
Registered in 0.001316 seconds.
Begin MonoManager ReloadAssembly
Native extension for WindowsStandalone target not found
Native extension for OSXStandalone target not found
Native extension for WebGL target not found
Refreshing native plugins compatible for Editor in 41.09 ms, found 2 plugins.
Preloading 0 native plugins for Editor in 0.00 ms.
Invoked RoslynAnalysisRunner static constructor.
RoslynAnalysisRunner will not be running.
RoslynAnalysisRunner has terminated.
Mono: successfully reloaded assembly
- Completed reload, in  1.388 seconds
Platform modules already initialized, skipping
========================================================================
Worker process is ready to serve import requests
Launching external process: /Applications/Unity/Hub/Editor/2020.3.3f1/Unity.app/Contents/Tools/UnityShaderCompiler
Launched and connected shader compiler UnityShaderCompiler after 0.01 seconds
Refreshing native plugins compatible for Editor in 0.40 ms, found 2 plugins.
Preloading 0 native plugins for Editor in 0.00 ms.
Unloading 1807 Unused Serialized files (Serialized files now loaded: 0)
System memory in use before: 146.0 MB.
System memory in use after: 146.1 MB.

Unloading 19 unused Assets to reduce memory usage. Loaded Objects now: 2254.
Total: 2.762352 ms (FindLiveObjects: 0.221515 ms CreateObjectMapping: 0.069161 ms MarkObjects: 2.388099 ms  DeleteObjects: 0.082248 ms)

========================================================================
Received Import Request.
  path: Assets/Sere
  artifactKey: Guid(a9f539c5fe2f04de692d95733dd03191) Importer(815301076,1909f56bfc062723c751e8b465ee728b)
Start importing Assets/Sere using Guid(a9f539c5fe2f04de692d95733dd03191) Importer(815301076,1909f56bfc062723c751e8b465ee728b)  -> (artifact id: '388445bde075c8f4eb3d93de35f77aa3') in 0.006321 seconds
  Import took 0.009916 seconds .

========================================================================
Received Import Request.
  Time since last request: 6.256817 seconds.
  path: Assets/Ssandro
  artifactKey: Guid(d7bb7c0b41215489aae118a376a1cbd9) Importer(815301076,1909f56bfc062723c751e8b465ee728b)
Start importing Assets/Ssandro using Guid(d7bb7c0b41215489aae118a376a1cbd9) Importer(815301076,1909f56bfc062723c751e8b465ee728b)  -> (artifact id: '6575159669fd68e05d65e1930c00bb10') in 0.002012 seconds
  Import took 0.005257 seconds .

========================================================================
Received Import Request.
  Time since last request: 4.994231 seconds.
  path: Assets/Checca
  artifactKey: Guid(69d2e78f702f54b04b8f7683a0abe1d9) Importer(815301076,1909f56bfc062723c751e8b465ee728b)
Start importing Assets/Checca using Guid(69d2e78f702f54b04b8f7683a0abe1d9) Importer(815301076,1909f56bfc062723c751e8b465ee728b)  -> (artifact id: 'f66a07e6b01e2e3e196f1e924c334478') in 0.002529 seconds
  Import took 0.006566 seconds .

========================================================================
Received Import Request.
  Time since last request: 5.202921 seconds.
  path: Assets/Ssio
  artifactKey: Guid(3a86336f5188c40669480cf7740a44cd) Importer(815301076,1909f56bfc062723c751e8b465ee728b)
Start importing Assets/Ssio using Guid(3a86336f5188c40669480cf7740a44cd) Importer(815301076,1909f56bfc062723c751e8b465ee728b)  -> (artifact id: 'f8032d599fd743446e5adcb4a6f78d28') in 0.002320 seconds
  Import took 0.006079 seconds .

